
> frontend@0.1.0 start /Users/styletheory/Documents/Project-Web/test cursor/vehicle-booking-system/frontend
> react-scripts start

(node:63621) [DEP_WEBPACK_DEV_SERVER_ON_AFTER_SETUP_MIDDLEWARE] DeprecationWarning: 'onAfterSetupMiddleware' option is deprecated. Please use the 'setupMiddlewares' option.
(Use `node --trace-deprecation ...` to show where the warning was created)
(node:63621) [DEP_WEBPACK_DEV_SERVER_ON_BEFORE_SETUP_MIDDLEWARE] DeprecationWarning: 'onBeforeSetupMiddleware' option is deprecated. Please use the 'setupMiddlewares' option.
Starting the development server...

Compiled successfully!

You can now view frontend in the browser.

  Local:            http://localhost:3000
  On Your Network:  http://192.168.1.13:3000

Note that the development build is not optimized.
To create a production build, use npm run build.

webpack compiled successfully
Compiling...
Compiled with warnings.

[eslint] 
src/components/ApprovalManagement.js
  Line 4:10:  'bookingAPI' is defined but never used                                                                             no-unused-vars
  Line 35:6:  React Hook useEffect has a missing dependency: 'fetchApprovals'. Either include it or remove the dependency array  react-hooks/exhaustive-deps

Search for the keywords to learn more about each warning.
To ignore, add // eslint-disable-next-line to the line before.

WARNING in [eslint] 
src/components/ApprovalManagement.js
  Line 4:10:  'bookingAPI' is defined but never used                                                                             no-unused-vars
  Line 35:6:  React Hook useEffect has a missing dependency: 'fetchApprovals'. Either include it or remove the dependency array  react-hooks/exhaustive-deps

webpack compiled with 1 warning
